Build started 10-Feb-18 1:32:03 AM.
     1>Project "C:\Users\User\Desktop\Deathly Hallows Final Version\Deathly Hallows.vcxproj" on node 2 (build target(s)).
     1>InitializeBuildStatus:
         Creating "Debug\Deathly Hallows.unsuccessfulbuild" because "AlwaysCreate" was specified.
       ClCompile:
         C:\Program Files (x86)\Microsoft Visual Studio 10.0\VC\bin\CL.exe /c /ZI /nologo /W3 /WX- /Od /Oy- /D _MBCS /Gm /EHsc /RTC1 /MDd /GS /fp:precise /Zc:wchar_t /Zc:forScope /Fo"Debug\\" /Fd"Debug\vc100.pdb" /Gd /TP /analyze- /errorReport:prompt iMain.cpp
         iMain.cpp
     1>c:\users\user\desktop\deathly hallows final version\timescore.h(59): warning C4101: 'j' : unreferenced local variable
     1>c:\users\user\desktop\deathly hallows final version\imain.cpp(188): warning C4101: 'i' : unreferenced local variable
     1>c:\users\user\desktop\deathly hallows final version\imain.cpp(189): warning C4101: 'j' : unreferenced local variable
       Link:
         C:\Program Files (x86)\Microsoft Visual Studio 10.0\VC\bin\link.exe /ERRORREPORT:PROMPT /OUT:"C:\Users\User\Desktop\Deathly Hallows Final Version\Debug\Deathly Hallows.exe" /NOLOGO kernel32.lib user32.lib gdi32.lib winspool.lib comdlg32.lib advapi32.lib shell32.lib ole32.lib oleaut32.lib uuid.lib odbc32.lib odbccp32.lib /MANIFEST /ManifestFile:"Debug\Deathly Hallows.exe.intermediate.manifest" /MANIFESTUAC:"level='asInvoker' uiAccess='false'" /DEBUG /PDB:"C:\Users\User\Desktop\Deathly Hallows Final Version\Debug\Deathly Hallows.pdb" /TLBID:1 /DYNAMICBASE /NXCOMPAT /IMPLIB:"C:\Users\User\Desktop\Deathly Hallows Final Version\Debug\Deathly Hallows.lib" /MACHINE:X86 Debug\iMain.obj
         LINK : C:\Users\User\Desktop\Deathly Hallows Final Version\Debug\Deathly Hallows.exe not found or not built by the last incremental link; performing full link
         Deathly Hallows.vcxproj -> C:\Users\User\Desktop\Deathly Hallows Final Version\Debug\Deathly Hallows.exe
       Manifest:
         C:\Program Files (x86)\Microsoft SDKs\Windows\v7.0A\bin\mt.exe /nologo /verbose /outputresource:"C:\Users\User\Desktop\Deathly Hallows Final Version\Debug\Deathly Hallows.exe;#1" /manifest "Debug\Deathly Hallows.exe.intermediate.manifest"
       FinalizeBuildStatus:
         Deleting file "Debug\Deathly Hallows.unsuccessfulbuild".
         Touching "Debug\Deathly Hallows.lastbuildstate".
     1>Done Building Project "C:\Users\User\Desktop\Deathly Hallows Final Version\Deathly Hallows.vcxproj" (build target(s)).

Build succeeded.

Time Elapsed 00:00:01.63
